<?xml version="1.0" encoding="UTF-8"?>
<!-- Generated by org.testng.reporters.JUnitReportReporter -->
<testsuite hostname="DESKTOP-5EVK54D" failures="0" tests="1" name="testngdiscussion.TestTagParallel2" time="19.748" errors="0" timestamp="2023-04-28T08:12:51 IST" skipped="0">
  <testcase classname="testngdiscussion.TestTagParallel2" name="testCase3" time="19.748"/>
  <system-out/>
</testsuite> <!-- testngdiscussion.TestTagParallel2 -->
