<?xml version="1.0" encoding="UTF-8"?>
<!-- Generated by org.testng.reporters.JUnitReportReporter -->
<testsuite hostname="DESKTOP-5EVK54D" failures="0" tests="2" name="testngdiscussion.AmazonTestCases" time="16.538" errors="0" timestamp="2023-04-29T19:06:20 IST" skipped="0">
  <testcase classname="testngdiscussion.AmazonTestCases" name="navToUrl" time="12.366"/>
  <system-out/>
  <testcase classname="testngdiscussion.AmazonTestCases" name="loginToApp" time="4.172"/>
  <system-out/>
</testsuite> <!-- testngdiscussion.AmazonTestCases -->
