<?xml version="1.0" encoding="UTF-8"?>
<!-- Generated by org.testng.reporters.JUnitReportReporter -->
<testsuite hostname="DESKTOP-5EVK54D" failures="0" tests="1" name="waits.FluentWaitDiscc" time="29.182" errors="0" timestamp="2023-05-02T08:26:40 IST" skipped="0">
  <testcase classname="waits.FluentWaitDiscc" name="fluentWaitTest" time="29.182"/>
  <system-out/>
</testsuite> <!-- waits.FluentWaitDiscc -->
