<?xml version="1.0" encoding="UTF-8"?>
<!-- Generated by org.testng.reporters.JUnitReportReporter -->
<testsuite hostname="DESKTOP-5EVK54D" failures="0" tests="1" name="waits.ImplicitWaitDisc" time="25.581" errors="0" timestamp="2023-04-28T08:27:55 IST" skipped="0">
  <testcase classname="waits.ImplicitWaitDisc" name="searchFlight" time="25.581"/>
  <system-out/>
</testsuite> <!-- waits.ImplicitWaitDisc -->
