<?xml version="1.0" encoding="UTF-8"?>
<!-- Generated by org.testng.reporters.JUnitReportReporter -->
<testsuite hostname="DESKTOP-5EVK54D" failures="0" tests="2" name="testngdiscussion.InclusionAndExclusion" time="0.028" errors="0" timestamp="2023-04-26T08:12:17 IST" skipped="0">
  <testcase classname="testngdiscussion.InclusionAndExclusion" name="setDetails" time="0.018"/>
  <system-out/>
  <testcase classname="testngdiscussion.InclusionAndExclusion" name="login" time="0.010"/>
  <system-out/>
</testsuite> <!-- testngdiscussion.InclusionAndExclusion -->
