<?xml version="1.0" encoding="UTF-8"?>
<!-- Generated by org.testng.reporters.JUnitReportReporter -->
<testsuite hostname="DESKTOP-5EVK54D" failures="0" tests="1" name="testngdiscussion.ValidateTextWrittenIntoField" time="10.252" errors="0" timestamp="2023-05-03T08:48:59 IST" skipped="0">
  <testcase classname="testngdiscussion.ValidateTextWrittenIntoField" name="getTextFromField" time="10.252"/>
  <system-out/>
</testsuite> <!-- testngdiscussion.ValidateTextWrittenIntoField -->
