<?xml version="1.0" encoding="UTF-8"?>
<!-- Generated by org.testng.reporters.JUnitReportReporter -->
<testsuite hostname="DESKTOP-5EVK54D" failures="0" tests="7" name="testngdiscussion.InvocationCountKeyword" time="0.060" errors="0" timestamp="2023-04-17T08:47:51 IST" skipped="0">
  <testcase classname="testngdiscussion.InvocationCountKeyword" name="profile" time="0.022"/>
  <system-out/>
  <testcase classname="testngdiscussion.InvocationCountKeyword" name="login" time="0.004"/>
  <system-out/>
  <testcase classname="testngdiscussion.InvocationCountKeyword" name="home" time="0.003"/>
  <system-out/>
  <testcase classname="testngdiscussion.InvocationCountKeyword" name="home" time="0.010"/>
  <system-out/>
  <testcase classname="testngdiscussion.InvocationCountKeyword" name="home" time="0.006"/>
  <system-out/>
  <testcase classname="testngdiscussion.InvocationCountKeyword" name="home" time="0.008"/>
  <system-out/>
  <testcase classname="testngdiscussion.InvocationCountKeyword" name="home" time="0.007"/>
  <system-out/>
</testsuite> <!-- testngdiscussion.InvocationCountKeyword -->
