<?xml version="1.0" encoding="UTF-8"?>
<!-- Generated by org.testng.reporters.JUnitReportReporter -->
<testsuite hostname="DESKTOP-5EVK54D" failures="0" tests="1" name="waits.ValidateTextThroughWaits" time="21.218" errors="0" timestamp="2023-05-02T08:40:05 IST" skipped="0">
  <testcase classname="waits.ValidateTextThroughWaits" name="validateTillTextPresent" time="21.218"/>
  <system-out/>
</testsuite> <!-- waits.ValidateTextThroughWaits -->
