<?xml version="1.0" encoding="UTF-8"?>
<!-- Generated by org.testng.reporters.JUnitReportReporter -->
<testsuite hostname="DESKTOP-5EVK54D" failures="0" tests="3" name="testngdiscussion.ReporterClass" time="0.020" errors="0" timestamp="2023-04-17T08:32:00 IST" skipped="0">
  <testcase classname="testngdiscussion.ReporterClass" name="profile" time="0.017"/>
  <system-out>
    <![CDATA[profile test case for report]]>
  </system-out>
  <testcase classname="testngdiscussion.ReporterClass" name="login" time="0.002"/>
  <system-out>
    <![CDATA[Login test case for report]]>
  </system-out>
  <testcase classname="testngdiscussion.ReporterClass" name="home" time="0.001"/>
  <system-out>
    <![CDATA[home test case for report]]>
  </system-out>
</testsuite> <!-- testngdiscussion.ReporterClass -->
