<?xml version="1.0" encoding="UTF-8"?>
<!-- Generated by org.testng.reporters.JUnitReportReporter -->
<testsuite hostname="DESKTOP-5EVK54D" failures="0" tests="2" name="testngdiscussion.Annotations2" time="0.014" errors="0" timestamp="2023-04-23T08:46:28 IST" skipped="0">
  <testcase classname="testngdiscussion.Annotations2" name="testCase3" time="0.005"/>
  <system-out/>
  <testcase classname="testngdiscussion.Annotations2" name="testCase3" time="0.009"/>
  <system-out/>
</testsuite> <!-- testngdiscussion.Annotations2 -->
