<?xml version="1.0" encoding="UTF-8"?>
<!-- Generated by org.testng.reporters.JUnitReportReporter -->
<testsuite hostname="DESKTOP-5EVK54D" failures="0" tests="3" name="testclasses.SpiritsTest" time="8.079" errors="0" timestamp="2023-05-06T09:21:41 IST" skipped="0">
  <testcase classname="testclasses.SpiritsTest" name="selectProduct" time="1.032"/>
  <system-out/>
  <testcase classname="testclasses.SpiritsTest" name="sortByHighPrice" time="3.666"/>
  <system-out/>
  <testcase classname="testclasses.SpiritsTest" name="sortByAlphabet" time="3.381"/>
  <system-out/>
</testsuite> <!-- testclasses.SpiritsTest -->
