<?xml version="1.0" encoding="UTF-8"?>
<!-- Generated by org.testng.reporters.JUnitReportReporter -->
<testsuite hostname="DESKTOP-5EVK54D" failures="0" tests="1" name="waits.ElementSelectionStateValidation" time="22.405" errors="0" timestamp="2023-05-02T08:48:41 IST" skipped="0">
  <testcase classname="waits.ElementSelectionStateValidation" name="validateCheckbox" time="22.405"/>
  <system-out/>
</testsuite> <!-- waits.ElementSelectionStateValidation -->
