<?xml version="1.0" encoding="UTF-8"?>
<!-- Generated by org.testng.reporters.JUnitReportReporter -->
<testsuite hostname="DESKTOP-5EVK54D" failures="0" tests="2" name="testngdiscussion.AmazonTestCases" time="25.614" errors="0" timestamp="2023-04-19T08:17:40 IST" skipped="0">
  <testcase classname="testngdiscussion.AmazonTestCases" name="navToUrl" time="17.480"/>
  <system-out/>
  <testcase classname="testngdiscussion.AmazonTestCases" name="loginToApp" time="8.134"/>
  <system-out/>
</testsuite> <!-- testngdiscussion.AmazonTestCases -->
