<?xml version="1.0" encoding="UTF-8"?>
<!-- Generated by org.testng.reporters.JUnitReportReporter -->
<testsuite hostname="DESKTOP-5EVK54D" failures="0" tests="1" name="webtable.WebTableHandling" time="21.421" errors="0" timestamp="2023-05-04T08:12:46 IST" skipped="0">
  <testcase classname="webtable.WebTableHandling" name="getAllValues" time="21.421"/>
  <system-out/>
</testsuite> <!-- webtable.WebTableHandling -->
