<?xml version="1.0" encoding="UTF-8"?>
<!-- Generated by org.testng.reporters.JUnitReportReporter -->
<testsuite hostname="DESKTOP-5EVK54D" failures="0" tests="1" name="testngdiscussion.ParallelClass2" time="19.056" errors="0" timestamp="2023-04-27T08:56:22 IST" skipped="0">
  <testcase classname="testngdiscussion.ParallelClass2" name="testCase3" time="19.056"/>
  <system-out/>
</testsuite> <!-- testngdiscussion.ParallelClass2 -->
