<?xml version="1.0" encoding="UTF-8"?>
<!-- Generated by org.testng.reporters.JUnitReportReporter -->
<testsuite hostname="DESKTOP-5EVK54D" failures="0" tests="3" name="testngdiscussion.ParallelTestCaseExecution" time="65.376" errors="0" timestamp="2023-04-27T08:45:42 IST" skipped="0">
  <testcase classname="testngdiscussion.ParallelTestCaseExecution" name="testCase3" time="22.220"/>
  <system-out/>
  <testcase classname="testngdiscussion.ParallelTestCaseExecution" name="testCase1" time="23.232"/>
  <system-out/>
  <testcase classname="testngdiscussion.ParallelTestCaseExecution" name="testCase2" time="19.924"/>
  <system-out/>
</testsuite> <!-- testngdiscussion.ParallelTestCaseExecution -->
