<?xml version="1.0" encoding="UTF-8"?>
<!-- Generated by org.testng.reporters.JUnitReportReporter -->
<testsuite hostname="DESKTOP-5EVK54D" failures="0" tests="2" name="testngdiscussion.ActualAnnotations" time="0.050" errors="0" timestamp="2023-04-24T08:49:39 IST" skipped="0">
  <testcase classname="testngdiscussion.ActualAnnotations" name="addToCart" time="0.018"/>
  <system-out/>
  <testcase classname="testngdiscussion.ActualAnnotations" name="addToCart2" time="0.032"/>
  <system-out/>
</testsuite> <!-- testngdiscussion.ActualAnnotations -->
