<?xml version="1.0" encoding="UTF-8"?>
<!-- Generated by org.testng.reporters.JUnitReportReporter -->
<testsuite hostname="DESKTOP-5EVK54D" failures="0" tests="3" name="testclasses.SearchTest" time="3.004" errors="0" timestamp="2023-05-07T08:52:26 IST" skipped="0">
  <testcase classname="testclasses.SearchTest" name="verifyTitle" time="0.040"/>
  <system-out/>
  <testcase classname="testclasses.SearchTest" name="searchProduct" time="0.176"/>
  <system-out/>
  <testcase classname="testclasses.SearchTest" name="validateSearchResults" time="2.788"/>
  <system-out/>
</testsuite> <!-- testclasses.SearchTest -->
