<?xml version="1.0" encoding="UTF-8"?>
<!-- Generated by org.testng.reporters.JUnitReportReporter -->
<testsuite hostname="DESKTOP-5EVK54D" failures="0" tests="1" name="testngdiscussion.AssertionsInTestNG" time="23.428" errors="0" timestamp="2023-04-19T09:01:11 IST" skipped="0">
  <testcase classname="testngdiscussion.AssertionsInTestNG" name="loginTest" time="23.428"/>
  <system-out/>
</testsuite> <!-- testngdiscussion.AssertionsInTestNG -->
