<?xml version="1.0" encoding="UTF-8"?>
<!-- Generated by org.testng.reporters.JUnitReportReporter -->
<testsuite hostname="DESKTOP-5EVK54D" failures="0" tests="50" name="testngdiscussion.DPTest" time="0.214" errors="0" timestamp="2023-05-19T09:01:36 IST" skipped="0">
  <testcase classname="testngdiscussion.DPTest" name="testCase" time="0.001"/>
  <system-out/>
  <testcase classname="testngdiscussion.DPTest" name="testCase" time="0.023"/>
  <system-out/>
  <testcase classname="testngdiscussion.DPTest" name="testCase" time="0.003"/>
  <system-out/>
  <testcase classname="testngdiscussion.DPTest" name="testCase" time="0.012"/>
  <system-out/>
  <testcase classname="testngdiscussion.DPTest" name="testCase" time="0.004"/>
  <system-out/>
  <testcase classname="testngdiscussion.DPTest" name="testCase" time="0.008"/>
  <system-out/>
  <testcase classname="testngdiscussion.DPTest" name="testCase" time="0.002"/>
  <system-out/>
  <testcase classname="testngdiscussion.DPTest" name="testCase" time="0.001"/>
  <system-out/>
  <testcase classname="testngdiscussion.DPTest" name="testCase" time="0.001"/>
  <system-out/>
  <testcase classname="testngdiscussion.DPTest" name="testCase" time="0.002"/>
  <system-out/>
  <testcase classname="testngdiscussion.DPTest" name="testCase" time="0.002"/>
  <system-out/>
  <testcase classname="testngdiscussion.DPTest" name="testCase" time="0.004"/>
  <system-out/>
  <testcase classname="testngdiscussion.DPTest" name="testCase" time="0.009"/>
  <system-out/>
  <testcase classname="testngdiscussion.DPTest" name="testCase" time="0.018"/>
  <system-out/>
  <testcase classname="testngdiscussion.DPTest" name="testCase" time="0.001"/>
  <system-out/>
  <testcase classname="testngdiscussion.DPTest" name="testCase" time="0.011"/>
  <system-out/>
  <testcase classname="testngdiscussion.DPTest" name="testCase" time="0.002"/>
  <system-out/>
  <testcase classname="testngdiscussion.DPTest" name="testCase" time="0.004"/>
  <system-out/>
  <testcase classname="testngdiscussion.DPTest" name="testCase" time="0.002"/>
  <system-out/>
  <testcase classname="testngdiscussion.DPTest" name="testCase" time="0.002"/>
  <system-out/>
  <testcase classname="testngdiscussion.DPTest" name="testCase" time="0.001"/>
  <system-out/>
  <testcase classname="testngdiscussion.DPTest" name="testCase" time="0.003"/>
  <system-out/>
  <testcase classname="testngdiscussion.DPTest" name="testCase" time="0.002"/>
  <system-out/>
  <testcase classname="testngdiscussion.DPTest" name="testCase" time="0.002"/>
  <system-out/>
  <testcase classname="testngdiscussion.DPTest" name="testCase" time="0.002"/>
  <system-out/>
  <testcase classname="testngdiscussion.DPTest" name="testCase" time="0.002"/>
  <system-out/>
  <testcase classname="testngdiscussion.DPTest" name="testCase" time="0.002"/>
  <system-out/>
  <testcase classname="testngdiscussion.DPTest" name="testCase" time="0.002"/>
  <system-out/>
  <testcase classname="testngdiscussion.DPTest" name="testCase" time="0.005"/>
  <system-out/>
  <testcase classname="testngdiscussion.DPTest" name="testCase" time="0.002"/>
  <system-out/>
  <testcase classname="testngdiscussion.DPTest" name="testCase" time="0.005"/>
  <system-out/>
  <testcase classname="testngdiscussion.DPTest" name="testCase" time="0.002"/>
  <system-out/>
  <testcase classname="testngdiscussion.DPTest" name="testCase" time="0.002"/>
  <system-out/>
  <testcase classname="testngdiscussion.DPTest" name="testCase" time="0.004"/>
  <system-out/>
  <testcase classname="testngdiscussion.DPTest" name="testCase" time="0.015"/>
  <system-out/>
  <testcase classname="testngdiscussion.DPTest" name="testCase" time="0.007"/>
  <system-out/>
  <testcase classname="testngdiscussion.DPTest" name="testCase" time="0.002"/>
  <system-out/>
  <testcase classname="testngdiscussion.DPTest" name="testCase" time="0.001"/>
  <system-out/>
  <testcase classname="testngdiscussion.DPTest" name="testCase" time="0.005"/>
  <system-out/>
  <testcase classname="testngdiscussion.DPTest" name="testCase" time="0.002"/>
  <system-out/>
  <testcase classname="testngdiscussion.DPTest" name="testCase" time="0.005"/>
  <system-out/>
  <testcase classname="testngdiscussion.DPTest" name="testCase" time="0.003"/>
  <system-out/>
  <testcase classname="testngdiscussion.DPTest" name="testCase" time="0.003"/>
  <system-out/>
  <testcase classname="testngdiscussion.DPTest" name="testCase" time="0.002"/>
  <system-out/>
  <testcase classname="testngdiscussion.DPTest" name="testCase" time="0.008"/>
  <system-out/>
  <testcase classname="testngdiscussion.DPTest" name="testCase" time="0.002"/>
  <system-out/>
  <testcase classname="testngdiscussion.DPTest" name="testCase" time="0.001"/>
  <system-out/>
  <testcase classname="testngdiscussion.DPTest" name="testCase" time="0.003"/>
  <system-out/>
  <testcase classname="testngdiscussion.DPTest" name="testCase" time="0.005"/>
  <system-out/>
  <testcase classname="testngdiscussion.DPTest" name="testCase" time="0.002"/>
  <system-out/>
</testsuite> <!-- testngdiscussion.DPTest -->
