<?xml version="1.0" encoding="UTF-8"?>
<!-- Generated by org.testng.reporters.JUnitReportReporter -->
<testsuite hostname="DESKTOP-5EVK54D" failures="0" tests="1" name="basic.ConditionBasedMethods" time="12.636" errors="0" timestamp="2023-05-03T08:37:02 IST" skipped="0">
  <testcase classname="basic.ConditionBasedMethods" name="isSelectedValidation" time="12.636"/>
  <system-out/>
</testsuite> <!-- basic.ConditionBasedMethods -->
