<?xml version="1.0" encoding="UTF-8"?>
<!-- Generated by org.testng.reporters.JUnitReportReporter -->
<testsuite hostname="DESKTOP-5EVK54D" failures="0" tests="1" name="waits.AmazonForCarouselTest" time="23.384" errors="0" timestamp="2023-04-29T09:04:33 IST" skipped="0">
  <testcase classname="waits.AmazonForCarouselTest" name="carouselTest" time="23.384"/>
  <system-out/>
</testsuite> <!-- waits.AmazonForCarouselTest -->
