<?xml version="1.0" encoding="UTF-8"?>
<!-- Generated by org.testng.reporters.JUnitReportReporter -->
<testsuite hostname="DESKTOP-5EVK54D" failures="0" tests="2" name="testclasses.SearchTest" time="0.434" errors="0" timestamp="2023-05-05T09:00:11 IST" skipped="0">
  <testcase classname="testclasses.SearchTest" name="verifyTitle" time="0.043"/>
  <system-out/>
  <testcase classname="testclasses.SearchTest" name="searchProduct" time="0.391"/>
  <system-out/>
</testsuite> <!-- testclasses.SearchTest -->
