<?xml version="1.0" encoding="UTF-8"?>
<!-- Generated by org.testng.reporters.JUnitReportReporter -->
<testsuite hostname="DESKTOP-5EVK54D" failures="0" tests="5" name="testngdiscussion.GroupingOfTestCase" time="0.022" errors="0" timestamp="2023-04-24T09:03:20 IST" skipped="0">
  <testcase classname="testngdiscussion.GroupingOfTestCase" name="getDetails" time="0.013"/>
  <system-out/>
  <testcase classname="testngdiscussion.GroupingOfTestCase" name="setDetails" time="0.001"/>
  <system-out/>
  <testcase classname="testngdiscussion.GroupingOfTestCase" name="login" time="0.002"/>
  <system-out/>
  <testcase classname="testngdiscussion.GroupingOfTestCase" name="profile" time="0.002"/>
  <system-out/>
  <testcase classname="testngdiscussion.GroupingOfTestCase" name="logout" time="0.004"/>
  <system-out/>
</testsuite> <!-- testngdiscussion.GroupingOfTestCase -->
