<?xml version="1.0" encoding="UTF-8"?>
<!-- Generated by org.testng.reporters.JUnitReportReporter -->
<testsuite hostname="DESKTOP-5EVK54D" failures="0" tests="3" name="testclasses.SearchTest" time="1.465" errors="0" timestamp="2023-05-06T09:46:25 IST" skipped="0">
  <testcase classname="testclasses.SearchTest" name="verifyTitle" time="0.019"/>
  <system-out/>
  <testcase classname="testclasses.SearchTest" name="searchProduct" time="1.444"/>
  <system-out/>
  <testcase classname="testclasses.SearchTest" name="validateSearchResults" time="0.002"/>
  <system-out/>
</testsuite> <!-- testclasses.SearchTest -->
