<?xml version="1.0" encoding="UTF-8"?>
<!-- Generated by org.testng.reporters.JUnitReportReporter -->
<testsuite hostname="DESKTOP-5EVK54D" failures="0" tests="6" name="testngdiscussion.PriorityKeyword" time="0.052" errors="0" timestamp="2023-04-17T08:22:02 IST" skipped="0">
  <testcase classname="testngdiscussion.PriorityKeyword" name="profile" time="0.020"/>
  <system-out/>
  <testcase classname="testngdiscussion.PriorityKeyword" name="logout" time="0.004"/>
  <system-out/>
  <testcase classname="testngdiscussion.PriorityKeyword" name="login" time="0.005"/>
  <system-out/>
  <testcase classname="testngdiscussion.PriorityKeyword" name="home" time="0.008"/>
  <system-out/>
  <testcase classname="testngdiscussion.PriorityKeyword" name="getDetails" time="0.008"/>
  <system-out/>
  <testcase classname="testngdiscussion.PriorityKeyword" name="setDetails" time="0.007"/>
  <system-out/>
</testsuite> <!-- testngdiscussion.PriorityKeyword -->
