<?xml version="1.0" encoding="UTF-8"?>
<!-- Generated by org.testng.reporters.JUnitReportReporter -->
<testsuite hostname="DESKTOP-5EVK54D" failures="0" tests="3" name="testclasses.SpiritsTest" time="8.493" errors="0" timestamp="2023-05-07T08:52:26 IST" skipped="0">
  <testcase classname="testclasses.SpiritsTest" name="selectProduct" time="1.077"/>
  <system-out/>
  <testcase classname="testclasses.SpiritsTest" name="sortByHighPrice" time="3.466"/>
  <system-out/>
  <testcase classname="testclasses.SpiritsTest" name="sortByAlphabet" time="3.950"/>
  <system-out/>
</testsuite> <!-- testclasses.SpiritsTest -->
