<?xml version="1.0" encoding="UTF-8"?>
<!-- Generated by org.testng.reporters.JUnitReportReporter -->
<testsuite hostname="DESKTOP-5EVK54D" failures="0" tests="1" name="webtable.WebTableHandling" time="18.234" errors="0" timestamp="2023-05-03T09:05:18 IST" skipped="0">
  <testcase classname="webtable.WebTableHandling" name="getAllValues" time="18.234"/>
  <system-out/>
</testsuite> <!-- webtable.WebTableHandling -->
