<?xml version="1.0" encoding="UTF-8"?>
<!-- Generated by org.testng.reporters.JUnitReportReporter -->
<testsuite hostname="DESKTOP-5EVK54D" failures="0" tests="3" name="testngdiscussion.HomePage" time="0.018" errors="0" timestamp="2023-04-18T09:02:22 IST" skipped="0">
  <testcase classname="testngdiscussion.HomePage" name="addProfile" time="0.008"/>
  <system-out/>
  <testcase classname="testngdiscussion.HomePage" name="getInformation" time="0.007"/>
  <system-out/>
  <testcase classname="testngdiscussion.HomePage" name="deleteProfile" time="0.003"/>
  <system-out/>
</testsuite> <!-- testngdiscussion.HomePage -->
