<?xml version="1.0" encoding="UTF-8"?>
<!-- Generated by org.testng.reporters.JUnitReportReporter -->
<testsuite hostname="DESKTOP-5EVK54D" failures="0" tests="1" name="testngdiscussion.Logout" time="0.010" errors="0" timestamp="2023-04-18T09:02:22 IST" skipped="0">
  <testcase classname="testngdiscussion.Logout" name="logoutFromApp" time="0.010"/>
  <system-out/>
</testsuite> <!-- testngdiscussion.Logout -->
