<?xml version="1.0" encoding="UTF-8"?>
<!-- Generated by org.testng.reporters.JUnitReportReporter -->
<testsuite hostname="DESKTOP-5EVK54D" failures="0" tests="3" name="testngdiscussion.BasicTest" time="0.023" errors="0" timestamp="2023-04-16T08:51:24 IST" skipped="0">
  <testcase classname="testngdiscussion.BasicTest" name="home" time="0.016"/>
  <system-out/>
  <testcase classname="testngdiscussion.BasicTest" name="logout" time="0.002"/>
  <system-out/>
  <testcase classname="testngdiscussion.BasicTest" name="login" time="0.005"/>
  <system-out/>
</testsuite> <!-- testngdiscussion.BasicTest -->
