<?xml version="1.0" encoding="UTF-8"?>
<!-- Generated by org.testng.reporters.JUnitReportReporter -->
<testsuite hostname="DESKTOP-5EVK54D" failures="0" tests="1" name="waits.ExplicitWait" time="19.651" errors="0" timestamp="2023-04-29T08:44:08 IST" skipped="0">
  <testcase classname="waits.ExplicitWait" name="explicitTest" time="19.651"/>
  <system-out/>
</testsuite> <!-- waits.ExplicitWait -->
