<?xml version="1.0" encoding="UTF-8"?>
<!-- Generated by org.testng.reporters.JUnitReportReporter -->
<testsuite hostname="DESKTOP-5EVK54D" failures="0" tests="1" name="testngdiscussion.TestTagParallel" time="22.955" errors="0" timestamp="2023-04-28T08:12:51 IST" skipped="0">
  <testcase classname="testngdiscussion.TestTagParallel" name="testCase1" time="22.955"/>
  <system-out/>
</testsuite> <!-- testngdiscussion.TestTagParallel -->
