<?xml version="1.0" encoding="UTF-8"?>
<!-- Generated by org.testng.reporters.JUnitReportReporter -->
<testsuite hostname="DESKTOP-5EVK54D" failures="0" tests="3" name="testngdiscussion.EnableKeyword" time="0.026" errors="0" timestamp="2023-04-17T08:41:18 IST" skipped="1">
  <testcase classname="testngdiscussion.EnableKeyword" name="login" time="0.019"/>
  <system-out/>
  <testcase classname="testngdiscussion.EnableKeyword" name="home" time="0.007"/>
  <system-out/>
  <testcase classname="testngdiscussion.EnableKeyword" name="profile">
    <skipped/>
  </testcase> <!-- profile -->
  <system-out/>
</testsuite> <!-- testngdiscussion.EnableKeyword -->
