<?xml version="1.0" encoding="UTF-8"?>
<!-- Generated by org.testng.reporters.JUnitReportReporter -->
<testsuite hostname="DESKTOP-5EVK54D" failures="0" tests="2" name="testngdiscussion.BrowserParameterization" time="19.887" errors="0" timestamp="2023-04-22T08:16:19 IST" skipped="0">
  <testcase classname="testngdiscussion.BrowserParameterization" name="launchBrowser" time="10.090"/>
  <system-out/>
  <testcase classname="testngdiscussion.BrowserParameterization" name="launchBrowser" time="9.797"/>
  <system-out/>
</testsuite> <!-- testngdiscussion.BrowserParameterization -->
