<?xml version="1.0" encoding="UTF-8"?>
<!-- Generated by org.testng.reporters.JUnitReportReporter -->
<testsuite hostname="DESKTOP-5EVK54D" failures="0" tests="2" name="testngdiscussion.ParallelClass1" time="30.536" errors="0" timestamp="2023-04-27T08:56:22 IST" skipped="0">
  <testcase classname="testngdiscussion.ParallelClass1" name="testCase1" time="20.337"/>
  <system-out/>
  <testcase classname="testngdiscussion.ParallelClass1" name="testCase2" time="10.199"/>
  <system-out/>
</testsuite> <!-- testngdiscussion.ParallelClass1 -->
