<?xml version="1.0" encoding="UTF-8"?>
<!-- Generated by org.testng.reporters.JUnitReportReporter -->
<testsuite hostname="DESKTOP-5EVK54D" failures="0" tests="3" name="testclasses.SearchTest" time="2.595" errors="0" timestamp="2023-05-08T08:40:17 IST" skipped="0">
  <testcase classname="testclasses.SearchTest" name="verifyTitle" time="0.031"/>
  <system-out/>
  <testcase classname="testclasses.SearchTest" name="searchProduct" time="0.314"/>
  <system-out/>
  <testcase classname="testclasses.SearchTest" name="validateSearchResults" time="2.250"/>
  <system-out/>
</testsuite> <!-- testclasses.SearchTest -->
