<?xml version="1.0" encoding="UTF-8"?>
<!-- Generated by org.testng.reporters.JUnitReportReporter -->
<testsuite hostname="DESKTOP-5EVK54D" failures="0" tests="6" name="testngdiscussion.Parameterization" time="20.753" errors="0" timestamp="2023-04-21T09:07:50 IST" skipped="0">
  <testcase classname="testngdiscussion.Parameterization" name="getDetails" time="0.023"/>
  <system-out/>
  <testcase classname="testngdiscussion.Parameterization" name="getDetails" time="0.003"/>
  <system-out/>
  <testcase classname="testngdiscussion.Parameterization" name="launchBrowser" time="8.573"/>
  <system-out/>
  <testcase classname="testngdiscussion.Parameterization" name="launchBrowser" time="12.146"/>
  <system-out/>
  <testcase classname="testngdiscussion.Parameterization" name="login" time="0.002"/>
  <system-out/>
  <testcase classname="testngdiscussion.Parameterization" name="login" time="0.006"/>
  <system-out/>
</testsuite> <!-- testngdiscussion.Parameterization -->
